<?xml version="1.0" encoding="UTF-8"?>
<!-- Generated by org.testng.reporters.JUnitXMLReporter -->
<testsuite ignored="1" hostname="DESKTOP-JUVN070" failures="1" tests="2" name="Login_Test" time="0.054" errors="0" timestamp="2024-03-03T15:20:51 CST">
  <testcase classname="testng_listener.Login_Test" name="loginByEmail" time="0.014"/>
  <testcase classname="testng_listener.Login_Test" name="loginByFacebook" time="0.002">
    <failure type="java.lang.AssertionError" message="expected [sarom] but found [chhay]">
      <![CDATA[java.lang.AssertionError: expected [sarom] but found [chhay]
at testng_listener.Login_Test.loginByFacebook(Login_Test.java:24)
at java.base/java.util.ArrayList.forEach(ArrayList.java:1596)
... Removed 31 stack frames]]>
    </failure>
  </testcase> <!-- loginByFacebook -->
  <testcase classname="testng_listener.Login_Test" name="loginByIcloud" time="0.0">
    <ignored/>
  </testcase> <!-- loginByIcloud -->
</testsuite> <!-- Login_Test -->
